3 8 
Flip sequence: 0

8 3 
Flip sequence: 2 0

4 8 2 
Flip sequence: 2 3 0

1 2 3 4 5 6 7 8 9 10 
Flip sequence: 0

10 9 8 7 6 5 4 3 2 1 
Flip sequence: 10 0

5 4 3 2 1 6 7 8 9 10 
Flip sequence: 5 0

6 6 5 3 3 6 
Flip sequence: 2 5 0

4 4 4 4 
Flip sequence: 0

2 1 2 1 2 1 
Flip sequence: 5 6 4 5 3 4 0

87 29 60 71 85 36 29 81 35 55 30 42 59 69 69 78 8 51 100 
Flip sequence: 18 14 17 14 16 8 15 12 14 9 13 11 10 7 9 7 8 2 7 2 6 5 0

24 28 72 45 4 77 71 54 56 
Flip sequence: 6 9 6 8 5 7 5 6 5 4 3 0

49 70 91 33 19 74 84 7 19 38 51 13 56 5 21 36 65 18 82 9 12 51 97 49 97 67 95 32 14 3 46 61 21 57 89 14 96 93 81 34 38 85 50 98 
Flip sequence: 25 43 41 42 8 41 24 40 39 4 38 8 37 33 36 10 35 14 34 23 33 11 32 17 31 13 30 13 29 10 28 17 27 14 26 17 25 19 24 18 23 19 22 8 21 10 20 6 19 17 18 5 17 13 16 14 15 9 14 7 13 7 11 8 10 7 9 5 8 5 7 6 3 5 2 4 2 3 2 0

81 72 8 57 100 57 99 3 75 67 87 88 8 64 84 68 51 62 75 90 36 22 
Flip sequence: 5 22 16 21 8 20 5 19 12 17 9 16 9 15 10 14 2 13 3 12 11 5 10 7 9 5 8 6 2 0

39 40 56 17 56 82 48 57 6 70 1 
Flip sequence: 6 11 2 10 7 9 5 8 6 7 2 6 3 5 2 4 0

91 46 4 40 5 29 25 67 64 70 65 64 75 89 27 56 23 9 68 25 30 22 46 20 11 57 50 63 7 91 34 79 92 3 10 68 59 1 80 34 7 4 43 
Flip sequence: 33 43 40 42 13 41 16 40 6 39 28 38 26 37 9 36 23 35 23 34 13 33 14 32 30 4 29 27 28 25 27 6 26 22 25 10 24 20 23 7 22 7 21 9 20 12 19 4 18 4 17 6 16 11 15 5 14 2 13 3 12 5 11 4 9 2 8 3 6 2 5 3 2 0

70 14 1 80 
Flip sequence: 3 0

23 40 39 
Flip sequence: 2 3 2 0

36 35 43 11 43 78 47 90 37 27 1 76 7 13 28 76 34 43 46 59 2 7 41 94 61 
Flip sequence: 24 25 9 24 22 23 13 22 18 21 9 20 4 19 12 18 17 9 15 13 14 5 13 4 12 5 11 6 10 2 9 3 8 5 6 2 5 2 4 0

2 8 6 42 66 85 77 70 41 22 30 2 57 67 19 100 17 15 62 20 67 44 60 43 52 2 100 23 50 62 96 27 44 47 90 51 38 
Flip sequence: 27 37 26 36 17 35 31 34 13 33 25 30 12 29 5 28 17 27 12 26 4 25 16 24 2 23 22 9 21 6 20 6 18 11 17 12 16 5 15 2 14 6 13 4 12 2 11 5 9 7 8 3 5 2 4 0

38 91 36 62 68 64 14 6 38 15 66 
Flip sequence: 2 11 7 10 4 9 8 7 5 6 4 5 2 4 0

5 7 74 12 5 67 60 88 34 57 100 10 45 42 37 35 32 37 56 78 95 80 66 100 4 37 77 24 6 27 99 17 38 2 48 55 63 76 77 47 16 39 30 82 88 67 88 17 
Flip sequence: 24 48 35 47 30 46 19 45 29 44 31 43 41 42 14 40 30 39 31 38 21 37 16 36 25 35 28 34 14 33 32 7 31 25 30 28 29 18 28 12 27 15 26 5 25 9 24 15 23 10 22 19 21 7 20 16 18 2 17 8 16 15 8 14 2 13 10 12 10 7 9 4 8 3 6 2 5 3 4 2 3 2 0

45 79 52 51 14 40 96 70 58 31 36 90 94 90 
Flip sequence: 7 14 2 13 5 10 4 9 7 3 5 2 4 3 0

55 61 77 25 75 18 37 73 99 75 48 22 91 89 54 22 94 84 96 31 91 11 39 42 22 62 19 14 8 20 73 9 23 79 90 54 100 40 99 79 
Flip sequence: 37 40 12 39 29 38 27 37 9 36 32 35 5 34 16 33 2 32 11 31 20 30 26 29 9 28 26 27 21 26 9 25 19 24 17 23 12 22 10 21 19 20 18 19 4 18 4 17 2 16 15 11 14 5 13 8 12 3 10 5 7 4 6 4 5 3 4 3 0

15 67 35 88 60 80 33 87 80 66 39 39 23 85 66 12 56 2 95 45 42 97 82 18 
Flip sequence: 22 24 21 23 8 22 11 21 15 20 9 19 11 18 13 17 6 16 6 15 2 13 2 12 3 11 5 9 3 7 6 3 5 3 4 3 2 0

58 7 83 22 50 49 9 45 86 8 19 26 52 29 93 59 
Flip sequence: 15 16 10 15 9 14 11 13 2 12 4 11 5 10 7 8 5 7 4 6 4 5 3 4 2 3 2 0

